<?xml version="1.0" encoding="UTF-8"?>
<testng-results ignored="0" total="1" passed="1" failed="0" skipped="0">
  <reporter-output>
  </reporter-output>
  <suite started-at="2022-09-13T16:22:19 IST" name="Default suite" finished-at="2022-09-13T16:22:56 IST" duration-ms="37210">
    <groups>
    </groups>
    <test started-at="2022-09-13T16:22:19 IST" name="Default test" finished-at="2022-09-13T16:22:56 IST" duration-ms="37210">
      <class name="shrushti3097.PfaApplication.TestClass">
        <test-method signature="verify()[pri:0, instance:shrushti3097.PfaApplication.TestClass@15aab8c6]" started-at="2022-09-13T16:22:19 IST" name="verify" finished-at="2022-09-13T16:22:56 IST" duration-ms="37162" status="PASS">
          <reporter-output>
          </reporter-output>
        </test-method> <!-- verify -->
      </class> <!-- shrushti3097.PfaApplication.TestClass -->
    </test> <!-- Default test -->
  </suite> <!-- Default suite -->
</testng-results>
